[2025-08-20 19:02:19,044] [ERROR] Error protecting C:/Users/shri.rama/Desktop/SW/New folder/unlocked/CLEAN DESK.pdf: Pdf.save() got an unexpected keyword argument 'allow_overwriting_input'
[2025-08-20 19:02:25,644] [ERROR] Error protecting C:/Users/shri.rama/Desktop/SW/New folder/unlocked/DATA LOST PREVENTION.pdf: Pdf.save() got an unexpected keyword argument 'allow_overwriting_input'
[2025-08-20 19:02:26,925] [ERROR] Error protecting C:/Users/shri.rama/Desktop/SW/New folder/unlocked/DISASTER RECOVERY PLAN.pdf: Pdf.save() got an unexpected keyword argument 'allow_overwriting_input'
[2025-08-20 19:02:31,279] [ERROR] Error protecting C:/Users/shri.rama/Desktop/SW/New folder/unlocked/ENDPOINT PROTECTION.pdf: Pdf.save() got an unexpected keyword argument 'allow_overwriting_input'
[2025-08-20 19:02:31,459] [ERROR] Error protecting C:/Users/shri.rama/Desktop/SW/New folder/unlocked/IDENTITY ACCESS & MANAGEMENT.pdf: Pdf.save() got an unexpected keyword argument 'allow_overwriting_input'
[2025-08-20 19:02:31,645] [ERROR] Error protecting C:/Users/shri.rama/Desktop/SW/New folder/unlocked/INFRASTRUCTURE AND NETWORK.pdf: Pdf.save() got an unexpected keyword argument 'allow_overwriting_input'
[2025-08-20 19:02:31,793] [ERROR] Error protecting C:/Users/shri.rama/Desktop/SW/New folder/unlocked/INTERNEY ACCESS CONTROL & WEBFILTERING.pdf: Pdf.save() got an unexpected keyword argument 'allow_overwriting_input'
[2025-08-20 19:02:31,966] [ERROR] Error protecting C:/Users/shri.rama/Desktop/SW/New folder/unlocked/PASSWORD CONSTRUCTION GUIDELINES.pdf: Pdf.save() got an unexpected keyword argument 'allow_overwriting_input'
[2025-08-20 19:02:32,367] [ERROR] Error protecting C:/Users/shri.rama/Desktop/SW/New folder/unlocked/PASSWORD PROTECTION.pdf: Pdf.save() got an unexpected keyword argument 'allow_overwriting_input'
[2025-08-20 19:02:32,946] [ERROR] Error protecting C:/Users/shri.rama/Desktop/SW/New folder/unlocked/SECURE DATA PROCESSING.pdf: Pdf.save() got an unexpected keyword argument 'allow_overwriting_input'
[2025-08-20 19:02:33,219] [ERROR] Error protecting C:/Users/shri.rama/Desktop/SW/New folder/unlocked/SECURE DISPOSAL AND DESTRUCTION.pdf: Pdf.save() got an unexpected keyword argument 'allow_overwriting_input'
[2025-08-20 19:02:33,621] [ERROR] Error protecting C:/Users/shri.rama/Desktop/SW/New folder/unlocked/SECURITY AWARENESS.pdf: Pdf.save() got an unexpected keyword argument 'allow_overwriting_input'
[2025-08-20 19:02:52,133] [ERROR] Error protecting C:/Users/shri.rama/Desktop/SW/New folder/unlocked/CLEAN DESK.pdf: Pdf.save() got an unexpected keyword argument 'allow_overwriting_input'
[2025-08-20 19:03:33,895] [ERROR] Error protecting C:/Users/shri.rama/Desktop/SW/New folder/unlocked/DATA LOST PREVENTION.pdf: Pdf.save() got an unexpected keyword argument 'allow_overwriting_input'
[2025-08-20 19:03:34,207] [ERROR] Error protecting C:/Users/shri.rama/Desktop/SW/New folder/unlocked/DISASTER RECOVERY PLAN.pdf: Pdf.save() got an unexpected keyword argument 'allow_overwriting_input'
[2025-08-20 19:03:34,363] [ERROR] Error protecting C:/Users/shri.rama/Desktop/SW/New folder/unlocked/ENDPOINT PROTECTION.pdf: Pdf.save() got an unexpected keyword argument 'allow_overwriting_input'
[2025-08-20 19:03:34,567] [ERROR] Error protecting C:/Users/shri.rama/Desktop/SW/New folder/unlocked/IDENTITY ACCESS & MANAGEMENT.pdf: Pdf.save() got an unexpected keyword argument 'allow_overwriting_input'
[2025-08-20 19:03:34,770] [ERROR] Error protecting C:/Users/shri.rama/Desktop/SW/New folder/unlocked/INFRASTRUCTURE AND NETWORK.pdf: Pdf.save() got an unexpected keyword argument 'allow_overwriting_input'
[2025-08-20 19:03:34,934] [ERROR] Error protecting C:/Users/shri.rama/Desktop/SW/New folder/unlocked/INTERNEY ACCESS CONTROL & WEBFILTERING.pdf: Pdf.save() got an unexpected keyword argument 'allow_overwriting_input'
[2025-08-20 19:03:35,167] [ERROR] Error protecting C:/Users/shri.rama/Desktop/SW/New folder/unlocked/PASSWORD CONSTRUCTION GUIDELINES.pdf: Pdf.save() got an unexpected keyword argument 'allow_overwriting_input'
[2025-08-20 19:03:35,391] [ERROR] Error protecting C:/Users/shri.rama/Desktop/SW/New folder/unlocked/PASSWORD PROTECTION.pdf: Pdf.save() got an unexpected keyword argument 'allow_overwriting_input'
[2025-08-20 19:03:35,621] [ERROR] Error protecting C:/Users/shri.rama/Desktop/SW/New folder/unlocked/SECURE DATA PROCESSING.pdf: Pdf.save() got an unexpected keyword argument 'allow_overwriting_input'
[2025-08-20 19:03:35,832] [ERROR] Error protecting C:/Users/shri.rama/Desktop/SW/New folder/unlocked/SECURE DISPOSAL AND DESTRUCTION.pdf: Pdf.save() got an unexpected keyword argument 'allow_overwriting_input'
[2025-08-20 19:03:36,100] [ERROR] Error protecting C:/Users/shri.rama/Desktop/SW/New folder/unlocked/SECURITY AWARENESS.pdf: Pdf.save() got an unexpected keyword argument 'allow_overwriting_input'
[2025-08-20 19:04:49,413] [INFO] Protected and replaced: C:/Users/shri.rama/Desktop/SW/New folder/unlocked/CLEAN DESK.pdf
[2025-08-20 19:04:49,484] [INFO] Protected and replaced: C:/Users/shri.rama/Desktop/SW/New folder/unlocked/DATA LOST PREVENTION.pdf
[2025-08-20 19:04:49,551] [INFO] Protected and replaced: C:/Users/shri.rama/Desktop/SW/New folder/unlocked/DISASTER RECOVERY PLAN.pdf
[2025-08-20 19:04:49,627] [INFO] Protected and replaced: C:/Users/shri.rama/Desktop/SW/New folder/unlocked/ENDPOINT PROTECTION.pdf
[2025-08-20 19:04:49,705] [INFO] Protected and replaced: C:/Users/shri.rama/Desktop/SW/New folder/unlocked/IDENTITY ACCESS & MANAGEMENT.pdf
[2025-08-20 19:04:49,771] [INFO] Protected and replaced: C:/Users/shri.rama/Desktop/SW/New folder/unlocked/INFRASTRUCTURE AND NETWORK.pdf
[2025-08-20 19:04:49,835] [INFO] Protected and replaced: C:/Users/shri.rama/Desktop/SW/New folder/unlocked/INTERNEY ACCESS CONTROL & WEBFILTERING.pdf
[2025-08-20 19:04:49,895] [INFO] Protected and replaced: C:/Users/shri.rama/Desktop/SW/New folder/unlocked/PASSWORD CONSTRUCTION GUIDELINES.pdf
[2025-08-20 19:04:49,960] [INFO] Protected and replaced: C:/Users/shri.rama/Desktop/SW/New folder/unlocked/PASSWORD PROTECTION.pdf
[2025-08-20 19:04:50,030] [INFO] Protected and replaced: C:/Users/shri.rama/Desktop/SW/New folder/unlocked/SECURE DATA PROCESSING.pdf
[2025-08-20 19:04:50,131] [INFO] Protected and replaced: C:/Users/shri.rama/Desktop/SW/New folder/unlocked/SECURE DISPOSAL AND DESTRUCTION.pdf
[2025-08-20 19:04:50,199] [INFO] Protected and replaced: C:/Users/shri.rama/Desktop/SW/New folder/unlocked/SECURITY AWARENESS.pdf
[2025-08-20 19:06:42,756] [INFO] Unlocked and replaced: C:/Users/shri.rama/Desktop/SW/New folder/unlocked/CLEAN DESK.pdf
[2025-08-20 19:06:42,803] [INFO] Unlocked and replaced: C:/Users/shri.rama/Desktop/SW/New folder/unlocked/DATA LOST PREVENTION.pdf
[2025-08-20 19:06:42,847] [INFO] Unlocked and replaced: C:/Users/shri.rama/Desktop/SW/New folder/unlocked/DISASTER RECOVERY PLAN.pdf
[2025-08-20 19:06:42,904] [INFO] Unlocked and replaced: C:/Users/shri.rama/Desktop/SW/New folder/unlocked/ENDPOINT PROTECTION.pdf
[2025-08-20 19:06:42,946] [INFO] Unlocked and replaced: C:/Users/shri.rama/Desktop/SW/New folder/unlocked/IDENTITY ACCESS & MANAGEMENT.pdf
[2025-08-20 19:06:43,013] [INFO] Unlocked and replaced: C:/Users/shri.rama/Desktop/SW/New folder/unlocked/INFRASTRUCTURE AND NETWORK.pdf
[2025-08-20 19:06:43,083] [INFO] Unlocked and replaced: C:/Users/shri.rama/Desktop/SW/New folder/unlocked/INTERNEY ACCESS CONTROL & WEBFILTERING.pdf
[2025-08-20 19:06:43,139] [INFO] Unlocked and replaced: C:/Users/shri.rama/Desktop/SW/New folder/unlocked/PASSWORD CONSTRUCTION GUIDELINES.pdf
[2025-08-20 19:06:43,194] [INFO] Unlocked and replaced: C:/Users/shri.rama/Desktop/SW/New folder/unlocked/PASSWORD PROTECTION.pdf
[2025-08-20 19:06:43,230] [INFO] Unlocked and replaced: C:/Users/shri.rama/Desktop/SW/New folder/unlocked/SECURE DATA PROCESSING.pdf
[2025-08-20 19:06:43,287] [INFO] Unlocked and replaced: C:/Users/shri.rama/Desktop/SW/New folder/unlocked/SECURE DISPOSAL AND DESTRUCTION.pdf
[2025-08-20 19:06:43,336] [INFO] Unlocked and replaced: C:/Users/shri.rama/Desktop/SW/New folder/unlocked/SECURITY AWARENESS.pdf
